<?xml version="1.0" encoding="UTF-8"?>
<!-- Generated by org.testng.reporters.JUnitXMLReporter -->
<testsuite hostname="ABPHOTO-ПК" name="API" tests="3" failures="1" timestamp="5 Jul 2018 09:14:14 GMT" time="4.397" errors="0">
  <testcase name="searchPeopleById" time="2.41" classname="com.autotests.maxpay.autoqa.tests.api.TestsAPI"/>
  <testcase name="searchPlanetByHomeworld" time="0.591" classname="com.autotests.maxpay.autoqa.tests.api.TestsAPI"/>
  <testcase name="getTitleFilmForPlanet" time="0.679" classname="com.autotests.maxpay.autoqa.tests.api.TestsAPI">
    <failure type="java.lang.AssertionError" message="Luke Skywalker does not belong to the film">
      <![CDATA[java.lang.AssertionError: Luke Skywalker does not belong to the film
	at com.autotests.maxpay.autoqa.tests.api.TestsAPI.getTitleFilmForPlanet(TestsAPI.java:58)
... Removed 28 stack frames]]>
    </failure>
  </testcase> <!-- getTitleFilmForPlanet -->
</testsuite> <!-- API -->
